6513
10478
6355
6299
6299
6355
2618
4179
                         Accuracy       TPR  ...  Precision   F-Score
Logistic Regression      0.813300  0.786313  ...   0.897324  0.838158
Naive Bayes              0.554215  0.320651  ...   0.875245  0.469352
KNN                      0.889804  0.875090  ...   0.941555  0.907107
Decision Tree            0.856996  0.867193  ...   0.896808  0.881752
SVM                      0.865970  0.832735  ...   0.942579  0.884259
Random Forest            0.906282  0.900455  ...   0.944528  0.921965
AdaBoost                 0.816978  0.799713  ...   0.891438  0.843088
Gradient Boosting        0.871267  0.848050  ...   0.936575  0.890117
Bagging Classifier       0.893188  0.878918  ...   0.943488  0.910059
XGBoost                  0.903045  0.896865  ...   0.942656  0.919191
Optimized Decision Tree  0.853465  0.861929  ...   0.895797  0.878537
Optimized Naive Bayes    0.554215  0.320651  ...   0.875245  0.469352

[12 rows x 7 columns]
+-------------------------+--------------------+--------------------+--------------------+--------------------+--------------------+--------------------+---------------------+
|          Model          |      Accuracy      |        TPR         |        TNR         |        AUC         |       G-Mean       |     Precision      |       F-Score       |
+-------------------------+--------------------+--------------------+--------------------+--------------------+--------------------+--------------------+---------------------+
|   Logistic Regression   | 0.8132999852876269 | 0.7863125149557311 | 0.8563789152024446 | 0.8213457150790878 | 0.8205982321257431 | 0.8973238667394866 |  0.8381583981634996 |
|       Naive Bayes       | 0.5542150948948066 | 0.3206508734146925 | 0.9270435446906035 | 0.623847209052648  | 0.5452130980621197 | 0.8752449379490529 | 0.46935201401050786 |
|           KNN           | 0.8898043254376931 | 0.8750897343862168 | 0.913292589763178  | 0.8941911620746973 | 0.8939871194781049 | 0.9415550978372812 |  0.9071065360287734 |
|      Decision Tree      | 0.8569957334117994 | 0.8671931083991385 | 0.8407181054239877 | 0.8539556069115631 | 0.8538530008907051 | 0.896807720861173  |  0.8817518248175182 |
|           SVM           | 0.8659702810063263 | 0.832735104091888  | 0.919022154316272  |  0.87587862920408  | 0.8748154144374183 | 0.942578548212351  |  0.8842586710710202 |
|      Random Forest      | 0.9062821833161689 | 0.9004546542234985 | 0.9155844155844156 | 0.908019534903957  | 0.9079880221387774 | 0.9445281124497992 |  0.9219649638613255 |
|         AdaBoost        | 0.8169780785640723 | 0.7997128499641063 | 0.8445378151260504 | 0.8221253325450782 | 0.8218197752773495 | 0.8914377167244598 |  0.843087790110999  |
|    Gradient Boosting    | 0.8712667353244078 | 0.8480497726728883 | 0.9083269671504965 | 0.8781883699116925 | 0.8776710534161604 | 0.9365750528541226 |  0.8901167901544644 |
|    Bagging Classifier   | 0.893188171252023  | 0.8789184015314668 | 0.9159663865546218 | 0.8974423940430443 | 0.8972511980081954 | 0.9434883123555099 |  0.9100594648166501 |
|         XGBoost         | 0.9030454612328969 | 0.8968652787748265 | 0.9129106187929718 | 0.904887948783899  | 0.9048523838838344 | 0.9426559356136821 |  0.9191906805640712 |
| Optimized Decision Tree | 0.8534647638664117 | 0.8619286910744197 | 0.8399541634835752 | 0.8509414272789975 | 0.850870491140636  | 0.8957970654066153 |  0.8785365853658537 |
|  Optimized Naive Bayes  | 0.5542150948948066 | 0.3206508734146925 | 0.9270435446906035 | 0.623847209052648  | 0.5452130980621197 | 0.8752449379490529 | 0.46935201401050786 |
+-------------------------+--------------------+--------------------+--------------------+--------------------+--------------------+--------------------+---------------------+
